<?xml version="1.0" encoding="UTF-8"?>
<!-- Generated by org.testng.reporters.JUnitXMLReporter -->
<testsuite hostname="R_O_Y-PC" name="Default test" tests="1" failures="0" timestamp="17 Aug 2015 02:06:03 GMT" time="2.619" errors="0">
  <testcase name="@BeforeClass init" time="0.0" classname="us.st.selenium.Login">
    <failure type="org.openqa.selenium.remote.UnreachableBrowserException" message="Could not start a new session. Possible causes are invalid address of the remote server or browser start-up failure.
Build info: version: &amp;apos;2.46.0&amp;apos;, revision: &amp;apos;61506a4624b13675f24581e453592342b7485d71&amp;apos;, time: &amp;apos;2015-06-04 10:22:50&amp;apos;
System info: host: &amp;apos;R_O_Y-PC&amp;apos;, ip: &amp;apos;192.168.1.2&amp;apos;, os.name: &amp;apos;Windows 7&amp;apos;, os.arch: &amp;apos;amd64&amp;apos;, os.version: &amp;apos;6.1&amp;apos;, java.version: &amp;apos;1.8.0_45&amp;apos;
Driver info: driver.version: SafariDriver">
      <![CDATA[org.openqa.selenium.remote.UnreachableBrowserException: Could not start a new session. Possible causes are invalid address of the remote server or browser start-up failure.
Build info: version: '2.46.0', revision: '61506a4624b13675f24581e453592342b7485d71', time: '2015-06-04 10:22:50'
System info: host: 'R_O_Y-PC', ip: '192.168.1.2', os.name: 'Windows 7', os.arch: 'amd64', os.version: '6.1', java.version: '1.8.0_45'
Driver info: driver.version: SafariDriver
	at org.openqa.selenium.remote.RemoteWebDriver.execute(RemoteWebDriver.java:599)
	at org.openqa.selenium.remote.RemoteWebDriver.startSession(RemoteWebDriver.java:242)
	at org.openqa.selenium.remote.RemoteWebDriver.<init>(RemoteWebDriver.java:128)
	at org.openqa.selenium.remote.RemoteWebDriver.<init>(RemoteWebDriver.java:141)
	at org.openqa.selenium.safari.SafariDriver.<init>(SafariDriver.java:58)
	at org.openqa.selenium.safari.SafariDriver.<init>(SafariDriver.java:51)
	at ru.stqa.selenium.factory.WebDriverFactoryInternal.createLocalDriver(WebDriverFactoryInternal.java:82)
	at ru.stqa.selenium.factory.WebDriverFactoryInternal.newDriver(WebDriverFactoryInternal.java:58)
	at ru.stqa.selenium.factory.ThreadLocalSingletonStorage.createNewDriver(ThreadLocalSingletonStorage.java:91)
	at ru.stqa.selenium.factory.ThreadLocalSingletonStorage.getDriver(ThreadLocalSingletonStorage.java:36)
	at ru.stqa.selenium.factory.WebDriverFactoryInternal.getDriver(WebDriverFactoryInternal.java:49)
	at ru.stqa.selenium.factory.WebDriverFactory.getDriver(WebDriverFactory.java:39)
	at us.st.selenium.pages.TestBase.init(TestBase.java:38)
	at sun.reflect.NativeMethodAccessorImpl.invoke0(Native Method)
	at sun.reflect.NativeMethodAccessorImpl.invoke(Unknown Source)
	at sun.reflect.DelegatingMethodAccessorImpl.invoke(Unknown Source)
	at java.lang.reflect.Method.invoke(Unknown Source)
	at org.testng.internal.MethodInvocationHelper.invokeMethod(MethodInvocationHelper.java:85)
	at org.testng.internal.Invoker.invokeConfigurationMethod(Invoker.java:517)
	at org.testng.internal.Invoker.invokeConfigurations(Invoker.java:213)
	at org.testng.internal.Invoker.invokeConfigurations(Invoker.java:140)
	at org.testng.internal.TestMethodWorker.invokeBeforeClassMethods(TestMethodWorker.java:170)
	at org.testng.internal.TestMethodWorker.run(TestMethodWorker.java:104)
	at org.testng.TestRunner.privateRun(TestRunner.java:771)
	at org.testng.TestRunner.run(TestRunner.java:621)
	at org.testng.SuiteRunner.runTest(SuiteRunner.java:357)
	at org.testng.SuiteRunner.runSequentially(SuiteRunner.java:352)
	at org.testng.SuiteRunner.privateRun(SuiteRunner.java:310)
	at org.testng.SuiteRunner.run(SuiteRunner.java:259)
	at org.testng.SuiteRunnerWorker.runSuite(SuiteRunnerWorker.java:52)
	at org.testng.SuiteRunnerWorker.run(SuiteRunnerWorker.java:86)
	at org.testng.TestNG.runSuitesSequentially(TestNG.java:1199)
	at org.testng.TestNG.runSuitesLocally(TestNG.java:1124)
	at org.testng.TestNG.run(TestNG.java:1032)
	at org.testng.remote.RemoteTestNG.run(RemoteTestNG.java:111)
	at org.testng.remote.RemoteTestNG.initAndRun(RemoteTestNG.java:204)
	at org.testng.remote.RemoteTestNG.main(RemoteTestNG.java:175)
Caused by: java.lang.ClassCastException: com.google.gson.JsonObject cannot be cast to java.lang.String
	at org.openqa.selenium.remote.JsonToBeanConverter.convert(JsonToBeanConverter.java:111)
	at org.openqa.selenium.remote.JsonToBeanConverter.convert(JsonToBeanConverter.java:42)
	at org.openqa.selenium.safari.SafariDriverCommandExecutor.execute(SafariDriverCommandExecutor.java:191)
	at org.openqa.selenium.remote.RemoteWebDriver.execute(RemoteWebDriver.java:578)
	... 36 more
]]>
    </failure>
  </testcase> <!-- @BeforeClass init -->
  <testcase name="testLogin" time="0.002" classname="us.st.selenium.Login">
    <skipped/>
  </testcase> <!-- testLogin -->
</testsuite> <!-- Default test -->
