<?xml version="1.0" encoding="UTF-8"?>
<!-- Generated by org.testng.reporters.JUnitXMLReporter -->
<testsuite hostname="R_O_Y-PC" name="Test1" tests="4" failures="0" timestamp="18 Aug 2015 03:44:34 GMT" time="0.047" errors="0">
  <testcase name="@BeforeClass init" time="0.0" classname="us.st.selenium.Login">
    <failure type="java.lang.Error" message="Unrecognized browser type: iexplore">
      <![CDATA[java.lang.Error: Unrecognized browser type: iexplore
	at ru.stqa.selenium.factory.WebDriverFactoryInternal.createLocalDriver(WebDriverFactoryInternal.java:93)
	at ru.stqa.selenium.factory.WebDriverFactoryInternal.newDriver(WebDriverFactoryInternal.java:58)
	at ru.stqa.selenium.factory.ThreadLocalSingletonStorage.createNewDriver(ThreadLocalSingletonStorage.java:91)
	at ru.stqa.selenium.factory.ThreadLocalSingletonStorage.getDriver(ThreadLocalSingletonStorage.java:36)
	at ru.stqa.selenium.factory.WebDriverFactoryInternal.getDriver(WebDriverFactoryInternal.java:49)
	at ru.stqa.selenium.factory.WebDriverFactory.getDriver(WebDriverFactory.java:39)
	at us.st.selenium.pages.TestBase.init(TestBase.java:38)
... Removed 27 stack frames]]>
    </failure>
  </testcase> <!-- @BeforeClass init -->
  <testcase name="@BeforeClass init" time="0.0" classname="us.st.selenium.AddMovie">
    <skipped/>
  </testcase> <!-- @BeforeClass init -->
  <testcase name="@BeforeClass init" time="0.0" classname="us.st.selenium.DeleteMovie">
    <skipped/>
  </testcase> <!-- @BeforeClass init -->
  <testcase name="@BeforeClass init" time="0.0" classname="us.st.selenium.LogOut">
    <skipped/>
  </testcase> <!-- @BeforeClass init -->
  <testcase name="testLogin" time="0.0" classname="us.st.selenium.Login">
    <skipped/>
  </testcase> <!-- testLogin -->
  <testcase name="testAddMovie" time="0.0" classname="us.st.selenium.AddMovie">
    <skipped/>
  </testcase> <!-- testAddMovie -->
  <testcase name="testDeleteMovie" time="0.001" classname="us.st.selenium.DeleteMovie">
    <skipped/>
  </testcase> <!-- testDeleteMovie -->
  <testcase name="testLogOut" time="0.0" classname="us.st.selenium.LogOut">
    <skipped/>
  </testcase> <!-- testLogOut -->
</testsuite> <!-- Test1 -->
