<?xml version="1.0" encoding="UTF-8"?>
<testng-results skipped="0" failed="0" total="1" passed="1">
  <reporter-output>
  </reporter-output>
  <suite name="Default suite" duration-ms="23370" started-at="2016-10-31T13:25:35Z" finished-at="2016-10-31T13:25:59Z">
    <groups>
    </groups>
    <test name="Default test" duration-ms="23370" started-at="2016-10-31T13:25:35Z" finished-at="2016-10-31T13:25:59Z">
      <class name="us.st.appium.SampleWebDriverTest">
        <test-method status="PASS" signature="runInLocalBrowser()[pri:0, instance:us.st.appium.SampleWebDriverTest@42e26948]" name="runInLocalBrowser" duration-ms="23316" started-at="2016-10-31T09:25:35Z" finished-at="2016-10-31T09:25:59Z">
          <reporter-output>
          </reporter-output>
        </test-method> <!-- runInLocalBrowser -->
      </class> <!-- us.st.appium.SampleWebDriverTest -->
    </test> <!-- Default test -->
  </suite> <!-- Default suite -->
</testng-results>
