<?xml version="1.0" encoding="UTF-8"?>
<testsuite name="TestSuite" time="27.744" tests="4" errors="0" skipped="0" failures="0">
  <properties>
[...]
</properties>
  <testcase name="testLogin" classname="us.st.selenium.Login" time="5.514"/>
  <testcase name="testAddMovie" classname="us.st.selenium.AddMovie" time="20.142"/>
  <testcase name="testDeleteMovie" classname="us.st.selenium.DeleteMovie" time="1.807"/>
  <testcase name="testLogOut" classname="us.st.selenium.LogOut" time="0.281"/>
</testsuite>